
> southmississippi-sports@0.1.0 build
> next build

▲ Next.js 16.1.6 (Turbopack)
- Environments: .env.local

  Creating an optimized production build ...
✓ Compiled successfully in 5.5s
  Running TypeScript ...
  Collecting page data using 15 workers ...
  Generating static pages using 15 workers (0/11) ...
  Generating static pages using 15 workers (2/11) 
  Generating static pages using 15 workers (5/11) 
  Generating static pages using 15 workers (8/11) 
✓ Generating static pages using 15 workers (11/11) in 289.2ms
  Finalizing page optimization ...

Route (app)
┌ ƒ /
├ ○ /_not-found
├ ƒ /admin
├ ƒ /admin/login
├ ƒ /api/admin/games/[slug]/delete
├ ƒ /api/admin/login
├ ƒ /api/admin/logout
├ ƒ /api/admin/photos/[photoId]/delete
├ ƒ /api/admin/upload
├ ƒ /api/checkout
├ ƒ /api/deliveries/[token]/[asset]
├ ƒ /api/health
├ ƒ /api/media/preview/[photoId]
├ ƒ /api/reset-client
├ ƒ /api/webhooks/stripe
├ ƒ /games/[slug]
├ ○ /manifest.webmanifest
├ ƒ /photos/[photoId]
└ ƒ /thank-you


○  (Static)   prerendered as static content
ƒ  (Dynamic)  server-rendered on demand

